<?xml version="1.0" encoding="UTF-8"?>
<testng-results skipped="0" failed="0" total="1" passed="1">
  <reporter-output>
  </reporter-output>
  <suite name="Default suite" duration-ms="54780" started-at="2020-05-31T14:39:00Z" finished-at="2020-05-31T14:39:55Z">
    <groups>
    </groups>
    <test name="Default test" duration-ms="54780" started-at="2020-05-31T14:39:00Z" finished-at="2020-05-31T14:39:55Z">
      <class name="mainclass.MainClass">
        <test-method status="PASS" signature="launchApp()[pri:0, instance:mainclass.MainClass@1d057a39]" name="launchApp" is-config="true" duration-ms="17926" started-at="2020-05-31T20:09:00Z" finished-at="2020-05-31T20:09:18Z">
          <reporter-output>
          </reporter-output>
        </test-method> <!-- launchApp -->
        <test-method status="PASS" signature="productCheckOut()[pri:0, instance:mainclass.MainClass@1d057a39]" name="productCheckOut" duration-ms="36834" started-at="2020-05-31T20:09:18Z" finished-at="2020-05-31T20:09:55Z">
          <reporter-output>
          </reporter-output>
        </test-method> <!-- productCheckOut -->
      </class> <!-- mainclass.MainClass -->
    </test> <!-- Default test -->
  </suite> <!-- Default suite -->
</testng-results>
